[   0.0000]nitialincgrop suyscput[   .0000] Iniazing cgroup subsys cpu
[    0.000000] Initializing cgroup subsys cpuacct
[    0.000000] Linux version 4.4.0-116-generic (buildd@lgw01-amd64-021) (gcc version 5.4.0 20160609 (Ubuntu 5.4.0-6ubuntu1~16.04.9) ) #140-Ubuntu SMP Mon Feb 12 21:23:04 UTC 2018 (Ubuntu 4.4.0-116.140-generic 4.4.98)
[    0.000000] Command line: BOOT_IMAGE=/boot/vmlinuz-4.4.0-116-generic root=LABEL=cloudimg-rootfs ro console=tty1 console=ttyS0
[    0.000000] KERNEL supported cpus:
[    0.000000]   Intel GenuineIntel
[    0.000000]   AMD AuthenticAMD
[    0.000000]   Centaur CentaurHauls
[    0.000000] x86/fpu: xstate_offset[2]:  576, xstate_sizes[2]:  256
[    0.000000] x86/fpu: Supporting XSAVE feature 0x01: 'x87 floating point registers'
[    0.000000] x86/fpu: Supporting XSAVE feature 0x02: 'SSE registers'
[    0.000000] x86/fpu: Supporting XSAVE feature 0x04: 'AVX registers'
[    0.000000] x86/fpu: Enabled xstate features 0x7, context size is 832 bytes, using 'standard' format.
[    0.000000] x86/fpu: Using 'lazy' FPU context switches.
[    0.000000] e820: BIOS-provided physical RAM map:
[    0.000000] BIOS-e820: [mem 0x0000000000000000-0x000000000009fbff] usable
[    0.000000] BIOS820: mem x00000000900x00000000ffff] reserved
[    0.000000] BIOS-e820: [mem 0x00000000000f0000-0x0000000fffff] reserved
[    0.000000] BIOS-e820: [mem 0x0000000000100000-0x000000003ffeffff] usable
[    0.000000] BIOS-e820: [mem 0x000000003fff0000-0x000000003fffffff] ACPI data
[    0.000000] BIOS-e820: [mem 0x00000000fec00000-0x00000000fec00fff] reserved
[    0.000000] BIOS-e820: [mem 0x00000000fee00000-0x00000000fee00fff] reserved
[    0.00000]IO-e820[m 0x0000fffc0000-0x00000000ffffffff] reserved
[    0.000000] NX (Execute Disable) protection: active
[    0.000000] SMBIOS 2.5 present.
[    0.000000] Hypervisor detected: KVM
[    0.000000] e820: last_pfn = 0x3fff0 max_arch_pfn = 0x400000000
[    0.000000] MTRR: Disabled
[    0.000000] x86/PAT: MTRRs disabled, skipping PAT initialization too.
[    0.000000] CPU MTRRs all blank - virtualized systemm.
[    0.000000] x86/PAT: Configuration [0-7]: WB  WT  UC- UC  WB  WT  UC- UC  
[    0.000000] found SMP MP-table at [mem 0x0009fff0-0x0009ffff] mapped at [ffff88000009fff0]
[    0.000000] Scanning 1 areas for low memory corruption
[    0.000000] RAMDISK: [mem 0x36ac2000-0x37558fff]
[    0.000000] ACPI: Early table checksum verification disabled
[    0.000000] ACPI: RSDP 0x00000000000E0000 000024 (v02 VBOX  )
[    0.000000] ACPI: XSDT 0x000000003FFF0030 00003C (v01 VBOX   VBOXXSDT 00000001 ASL  00000061)
[    0.000000] ACPI: FACP 0x000000003FFF00F0 0000F4 (v04 VBOX   VBOXFACP 00000001 ASL  00000061)
[    0.000000] ACPI: DSDT 0x000000003FFF0470 0021FF (v02 VBOX   VBOXBIOS 00000002 INTL 20100528)
[    0.000000] ACPI: FACS 0x000000003FFF0200 000040
[    0.000000] ACPI: FACS 0x000000003FFF0200 000040
[    0.000000] ACPI: APIC 0x000000003FFF0240 00005C (v02 VBOX   VBOXAPIC 00000001 ASL  00000061)
[    0.000000] ACPI: SSDT 0x000000003FFF02A0 0001CC (v01 VBOX   VBOXCPUT 00000002 INTL 20100528)
[    0.000000] No NUMA configuration found
[    0.000000] Faking a node at [mem 0x0000000000000000-0x000000003ffeffff]
[    0.000000] NODE_DATA(0) allocated [mem 0x3ffeb000-0x3ffeffff]
[    0.000000] kvm-clock: Using msrs 4b564d01 and 4b564d00
[    0.00000 kvm-clock: cpu 0, msr 0:3ffe3001, primary cpu clock
[    0.000000] kvm-clock: using sched offset of 3475690627 cycles
[    0.000000] clockure: kvmclk:mask 0ffffffffff max_cycles: 0x1cd42e4dffb, max_idle_ns: 881590591483 ns
[    0.000000] Zone ranges:
[    0.000000]   DMA      [mem 0x0000000000001000-0x0000000000ffffff]
[    0.000000]   DMA32    [mem 0x0000000001000000-0x000000003ffeffff]
[    0.000000]   Normal   empty
[    0.000000]   Device   empty
[    0.000000] Movable zone start for each node
[    0.000000] Early memory node ranges
[    0.000000]   node   0: [mem 0x0000000000001000-0x000000000009efff]
[    0.000000]   node   0: [mem 0x0000000000100000-0x000000003ffeffff]
[    0.00000 Initmem setup node 0 [mem 0x0000000000001000-0x000000003ffeffff]
[    0.000000] ACPI: PM-Timer IO Port: 0x4008
[    0.000000] IOAPIC[0]: apic_id 2, version 32, address 0xfec00000, GSI 0-23
[    0.000000] ACPI: INT_SRC_OVR (bus 0 bus_irq 0 global_irq 2 dfl dfl)
[    0.000000] ACPI: INT_SRC_OVR (bus 0 bus_rq 9 glob_i 9 low level)
[    0.000000] Using ACPI (MADT) for SMPcoigrati iormation   0.00] smbo: llowing 2 CPUs, 0 hotplug CPUs
[    0.000000] PM: Registered nosave memory: [mem 0x00000000-0x00000fff]
[    0.000000] PM: Registered nosave memory: [mem 0x0009f000-0x0009ffff]
[    0.000000] PM: Registered nosave memory: [mem 0x000a0000-0x000effff]
[    0.000000] PM: Registered nosave memory: [mem 0x000f0000-0x000fffff]
[    0.000000] e820: [mem 0x40000000-0xfebfffff] available for PCI devices
[    0.000000] Booting paravirtualized kernel on KVM
[    0.000000] clocksource: refined-jiffies: mask: 0xffffffff max_cycles: 0xffffffff, max_idle_ns: 7645519600211568 ns
[    0.000000] setup_percpu: NR_CPUS:512 nr_cpumask_bits:512 nr_cpu_ids:2 nr_node_ids:1
[    0.000000] PERCPU: Embedded 34 pages/cpu @ffff88003fc00000 s99544 r8192 d31528 u1048576
[    0.000000] PV qspinlock hash table entries: 256 (order: 0, 4096 bytes)
[    0.000000] Built 1 zonelists in Node order, mobility grouping on.  Total pages: 257913
[    0.000000] Policy zone: DMA32
[    0.000000] Kernel command line: BOOT_IMAGE=/boot/vmlinuz-4.4.0-116-generic root=LABEL=cloudimg-rootfs ro console=tty1 console=ttyS0
[    0.000000] PID hash table entries: 4096 (order: 3, 32768 bytes)
[    0.000000] Memory: 1001688K/1048120K available (8530K kernel code, 1309K rwdata, 3992K roat, 508Kni 1316K bss, 46432K reserved, 0K cma-reserved)
[    0.000000] SLUB: HWalign=64, Order=0-3, MinObjects=0, CPUs=2, Nodes=1
[    0.000000] Kernel/User page tables isolation: enabled
[    0.000000] Hierarchical RCU implementation.
[    0.000000] 	Build-time adjustment of leaf fanout to 64.
[   0.000000] 	RCU restricting CPUs from NR_CPUS=512 to nr_cpu_ids=2.
[    0.000000] RCU: Adjusting geometry for rcu_fanout_leaf=64, nr_cpu_ids=2
[    0.000000] NR_IRQS:33024 nr_irqs:440 16
[    0.000000] Console: colour VGA+ 80x25
[    0.000000] console [tty1] enabled
[    0.000000] console [ttyS0] enabled
[    0.000000] tsc: Detected 3500.040 MHz processor
[    1.706029] Calibrating delay loop (skipped) preset value.. 7000.08 BogoMIPS (lpj=14000160)
[    1.707597] pid_max: default: 32768 minimum: 301
[    1.708849] ACPI: Core revision 20150930
[    1.710413] ACPI: 2 ACPI AML tables successfully acquired and loaded
[    1.711574]Seurity Framework initialized
[    1.794605] Yama: becoming mindful.
[    1.803059] AppArmor: AppArmor initialized
[    1.803875] Dentry cache hash table entries: 131072 (order: 8, 1048576 bytes)
[    1.806029] Inode-cache hash table entries: 65536 (order: 7, 524288 bytes)
[    1.813877] Mount-cache hash table entries: 2048 (order: 2, 16384 bytes)
[    1.814981] Mountpoint-cache hash table entries: 2048 (order: 2, 16384 bytes)
[    1.816257] Initializing cgroup subsys io
[    1.816992] Initializing cgroup subsys memory
[    1.817777] Initializing cgroup subsys devices
[    1.823011] Initializing cgroup subsys freezer
[    1.828113] Initializing cgroup subsys net_cls
[    1.829110] Initializing cgroup subsys perf_event
[    1.829921] Initializing cgroup subsys net_prio
[    1.830742] Initializing cgroup subsys hugetlb
[    1.831530] Initializing cgroup subsys pids
[    1.832346] CPU: Physical Processor ID: 0
[    1.833075] CPU: Processor Core ID: 0
[    1.833791] FEATURE SPEC_CTRL Not Present
[    1.834525] mce: CPU supports 0 MCE banks
[    1.835275] Last level iTLB entries: 4KB 512, 2MB 8, 4MB 8
[    1.836191] Last level dTLB entries: 4KB 512, 2MB 32, 4MB 32, 1GB 0
[    1.837202] Spectre V2 mitigation: Mitigation: Full generic retpoline
[    1.838520] Spectre V2 mitigation: Speculation control IBPB not-supported IBRS not-supported
[    1.841751] Freeing SMP alternatives memory: 32K
[    1.850461] ftrace: allocating 32186 entries in 126 pages
[    1.914918] smpboot: APIC(0) Converting physical 0 to logical package 0
[    1.930152] smpboot: Max logical packages: 1
[    1.931202] x2apic enabled
[    1.931977] Switched APIC routing to physical x2apic.
[    1.933849] ..TIMER: vector=0x30 apic1=0 pin1=2 apic2=-1 pin2=-1
[    2.041811] smpboot: CPU0: Intel(R) Core(TM) i3-3250 CPU @ 3.50GHz (family: 0x6, model: 0x3a, stepping: 0x9)
[    2.046316] Performance Events: unsupported p6 CPU model 58 no PMU driver, software events only.
[    2.048130] KVM setup paravirtual spinlock
[    2.049943] x86: Booting SMP configuration:
[    2.052643] .... node  #0, CPUs:      #1
[    2.055407] kvm-clock: cpu 1, msr 0:3ffe3041, secondary cpu clock
[    2.056602] mce: CPU supports 0 MCE banks
[    2.059392] x86: Booted up 1 node, 2 CPUs
[    2.064090] smpboot: Total of 2 processors activated (14000.16 BogoMIPS)
[    2.066488] devtmpfs: initialized
[    2.068636] evm: security.selinux
[    2.069321] evm: security.SMACK64
[    2.069983] evm: security.SMACK64EXEC
[    2.070703] evm: security.SMACK64TRANSMUTE
[    2.077599] evm: security.SMACK64MMAP
[    2.080431] evm: security.ima
[    2.081050] evm: security.capability
[    2.082541] clocksource: jiffies: mask: 0xffffffff max_cycles: 0xffffffff, max_idle_ns: 7645041785100000 ns
[    2.086219] futex hash table entries: 512 (order: 3, 32768 bytes)
[    2.087978] pinctrl core: initialized pinctrl subsystem
[    2.091053] RTC time: 15:34:36, date: 04/02/18
[    2.092437] NET: Registered protocol family 16
[    2.104296] cpuidle: using governor ladder
[    2.123280] cpuidle: using governor menu
[    2.130433] PCCT header not found.
[    2.131163] ACPI: bus type PCI registered
[    2.131898] acpiphp: ACPI Hot Plug PCI Controller Driver version: 0.5
[    2.133029] PCI: Using configuration type 1 for base access
[    2.147840] ACPI: Added _OSI(Module Device)
[    2.157420] ACPI: Added _OSI(Processor Device)
[    2.173517] ACPI: Added _OSI(3.0 _SCP Extensions)
[    2.174375] ACPI: Added _OSI(Processor Aggregator Device)
[    2.188011] ACPI: Executed 1 blocks of module-level executable AML code
[    2.197171] ACPI: Interpreter enabled
[    2.197912] ACPI: (supports S0 S5)
[    2.198952] ACPI: Using IOAPIC for interrupt routing
[    2.227431] PCI: Using host bridge windows from ACPI; if necessary, use "pci=nocrs" and report a bug
[    2.256701] ACPI: PCI Root Bridge [PCI0] (domain 0000 [bus 00-ff])
[    2.257759] acpi PNP0A03:00: _OSC: OS supports [ASPM ClockPM Segments MSI]
[    2.265613] acpi PNP0A03:00: _OSC: not requesting OS control; OS requires [ExtendedConfig ASPM ClockPM MSI]
[    2.267300] acpi PNP0A03:00: fail to add MMCONFIG information, can't access extended PCI configuration space under this bridge.
[    2.276138] PCI host bridge to bus 0000:00
[    2.276888] pci_bus 0000:00: root bus resource [io  0x0000-0x0cf7 window]
[    2.299576] pci_bus 0000:00: root bus resource [io  0x0d00-0xffff window]
[    2.300661] pci_bus 0000:00: root bus resource [mem 0x000a0000-0x000bffff window]
[    2.302175] pci_bus 0000:00: root bus resource [mem 0x40000000-0xfdffffff window]
[    2.310992] pci_bus 0000:00: root bus resource [bus 00-ff]
[    2.316811] pci 0000:00:01.1: legacy IDE quirk: reg 0x10: [io  0x01f0-0x01f7]
[    2.324261] pci 0000:00:01.1: legacy IDE quirk: reg 0x14: [io  0x03f6]
[    2.325306] pci 0000:00:01.1: legacy IDE quirk: reg 0x18: [io  0x0170-0x0177]
[    2.344238] pci 0000:00:01.1: legacy IDE quirk: reg 0x1c: [io  0x0376]
[    2.394164] pci 0000:00:07.0: quirk: [io  0x4000-0x403f] claimed by PIIX4 ACPI
[    2.401599] pci 0000:00:07.0: quirk: [io  0x4100-0x410f] claimed by PIIX4 SMB
[    2.413947] ACPI: PCI Interrupt Link [LNKA] (IRQs 5 9 10 *11)
[    2.421808] ACPI: PCI Interrupt Link [LNKB] (IRQs 5 9 *10 11)
[    2.425045] ACPI: PCI Interrupt Link [LNKC] (IRQs 5 *9 10 11)
[    2.432442] ACPI: PCI Interrupt Link [LNKD] (IRQs 5 9 10 *11)
[    2.433903] ACPI: Enabled 2 GPEs in block 00 to 07
[    2.449351] vgaarb: setting as boot device: PCI:0000:00:02.0
[    2.476048] vgaarb: device added: PCI:0000:00:02.0,decodes=io+mem,owns=io+mem,locks=none
[    2.501148] vgaarb: loaded
[    2.507219] vgaarb: bridge control possible 0000:00:02.0
[    2.508358] SCSI subsystem initialized
[    2.509335] ACPI: bus type USB registered
[    2.543635] usbcore: registered new interface driver usbfs
[    2.544588] usbcore: registered new interface driver hub
[    2.545520] usbcore: registered new device driver usb
[    2.547512] PCI: Using ACPI for IRQ routing
[    2.557335] NetLabel: Initializing
[    2.559965] NetLabel:  domain hash size = 128
[    2.560746] NetLabel:  protocols = UNLABELED CIPSOv4
[    2.561612] NetLabel:  unlabeled traffic allowed by default
[    2.562684] amd_nb: Cannot enumerate AMD northbridges
[    2.563579] clocksource: Switched to clocksource kvm-clock
[    2.584645] AppArmor: AppArmor Filesystem Enabled
[    2.591745] pnp: PnP ACPI init
[  2.593106] pnp: PnP ACPI: found 3 devices
[   647380] clocksource: acpi_pm: mask: 0xffffff max_cycles: 0xffffff, max_idle_ns: 2085701024 ns
[    2.716865] NET: Registered protocol family 2

[    2.717768] TCP established hash table entries: 8192 (order: 4, 65536 bytes)
[    2.719205] TCbi hshab eri: 92(order: 5, 131072 bytes)
[    3.084403] TCP: Hash tables configured (established 8192 bind 8192)
[    3.085466] UDP hash table entries: 512 (order: 2, 16384 bytes)
[    3.086431] UDP-Lite hash table entries: 512 orer 2, 16384 bytes)
[   3.160436] NET: Registered protocol family 1
[    3.183901] pci 0000:00:00.0: Limiting direct PCI/PCI transfers
[    3.185351] pci 0000:00:01.0: Activating ISA DMA hang workarounds
[    3.187343] Unpacking initramfs...

[    4.749386] Freeing initrd memory: 10844K
[    4.810111] RAPL PMU detected, API unit is 2^-32 Joules, 3 fixed counters 10737418240 ms ovfl timer
[    4.811649] hw unit of domain pp0-core 2^-0 Joules
[    4.818769] hw unit of domain package 2^-0 Joules
[    4.819590] hw unit of domain pp1-gpu 2^-0 Joules
[    4.833764] platform rtc_cmos: registered platform RTC device (no PNP device found)
[    4.841506] Scanning for low memory corruption every 60 seconds
[    4.842859] audit: initializing netlink subsys (disabled)
[    4.845471] audit: type=2000 audit(1522683281.903:1): initialized
[    4.846714] Initialise system trusted keyring
[    4.847658] HugeTLB registered 2 MB page size, pre-allocated 0 pages
[    4.850084] zbud: loaded
[    4.850910] VFS: Disk quotas dquot_6.6.0
[    4.851660] VFS: Dquot-cache hash table entries: 512 (order 0, 4096 bytes)
[    4.859120] squashfs: version 4.0 (2009/01/31) Phillip Lougher
[    4.860366] fuse init (API version 7.23)
[    4.861244] Key type big_key registered
[    4.861968] Allocating IMA MOK and blacklist keyrings.
[    4.863938] Key type asymmetric registered
[    4.864686] Asymmetric key parser 'x509' registered
[    4.865556] Block layer SCSI generic (bsg) driver version 0.4 loaded (major 249)
[    4.866941] io scheduler noop registered
[    4.867711] io scheduler deadline registered (default)
[    4.879922] io scheduler cfq registered
[    4.886832] pci_hotplug: PCI Hot Plug PCI Core version: 0.5
[    4.889482] pciehp: PCI Express Hot Plug Controller Driver version: 0.4
[    4.896271] ACPI: AC Adapter [AC] (on-line)
[    4.897089] input: Power Button as /devices/LNXSYSTM:00/LNXPWRBN:00/input/input0
[    4.898414] ACPI: Power Button [PWRF]
[    4.899219] input: Sleep Button as /devices/LNXSYSTM:00/LNXSLPBN:00/input/input1
[    4.913522] ACPI: Sleep Button [SLPF]
[    4.914414] GHES: HEST is not enabled!
[    4.915231] Serial: 8250/16550 driver, 32 ports, IRQ sharing enabled
[    4.938614] 00:02: ttyS0 at I/O 0x3f8 (irq = 4, base_baud = 115200) is a 16550A
[    4.948978] Linux agpgart interface v0.103
[    4.952371] loop: module loaded
[    4.963179] scsi host0: ata_piix
[    4.968257] scsi host1: ata_piix
[    4.978988] ata1: PATA max UDMA/33 cmd 0x1f0 ctl 0x3f6 bmdma 0xd000 irq 14
[    4.980113] ata2: PATA max UDMA/33 cmd 0x170 ctl 0x6 mdma 0xd008 irq 15

[    5.049031] libphy: xeMDO Bus: probed

[    5.167299] tun: Unversal TUN/TAP device driver, 1.6
[    5.205315] tun: (C) 1999-2004 Max Krasnyansky <maxk@qualcomm.com>
[    5.206498] PPP generic driver version 2.4.2
[    5.213434] ehci_hcd: USB 2.0 'Enhanced' Host Controller (EHCI) Driver
[    5.226445] ehci-pci: EHCI PCI platform driver
[    5.227266] ehci-platform: EHCI generic platform driver
[    5.228574] ohci_hcd: USB 1.1 'Open' Host Controller (OHCI) Driver
[    5.235601] ohci-pci: OHCI PCI platform driver
[    5.254638] ohci-platform: OHCI generic platform driver
[    5.269649] uhci_hcd: USB Universal Host Controller Inerface driver
[    5.349461] i8042: PNP: PS/2 Controller [PNP0303:PS2K,PNP0f03:PS2M] at 0x60,0x64 irq 1,12
[    5.353131] serio: i8042 KBD port at 0x60,0x64 irq 1
[    5.354348] serio: i8042 AUX port at 0x60,0x64 irq 12
[    5.355879] mousedev: PS/2 mouse device common for all mice
[    5.357569] input: AT Translated Set 2 keyboard as /devices/platform/i8042/serio0/input/input2
[    5.360637] rtc_cmos rtc_cmos: rtc core: registered rtc_cmos as rtc0
[    5.362132] rtc_cmos rtc_cmos: alarms up to one day, 114 bytes nvram
[    5.363601] i2c /dev entries driver
[    5.364672] device-mapper: uevent: version 1.0.3
[    5.366020] device-mapper: ioctl: 4.34.0-ioctl (2015-10-28) initialised: dm-devel@redhat.com
[    5.368085] ledtrig-cpu: registered to indicate activity on CPUs
[    5.396669] NET: Registered protocol family 10
[    5.401344] NET: Registered protocol family 17
[    5.403642] Key type dns_resolver registered
[    5.458271] microcode: CPU0 sig=0x306a9, pf=0x2, revision=0x19
[    5.521578] microcode: CPU1 sig=0x306a9, pf=0x2, revision=0x19
[    5.522850] microcode: Microcode Update Driver: v2.01 <tigran@aivazian.fsnet.co.uk>, Peter Oruba
[    5.614768] registered taskstats version 1
[    5.615550] Loading compiled-in X.509 certificates
[    5.662144] Loaded X.509 cert 'Build time autogenerated kernel key: aa84f01984fbd529c105810b59e379d349698248'
[    5.696419] zswap: loaded using pool lzo/zbud
[    5.699034] Key type trusted registered
[    5.703851] Key type encrypted registered
[    5.710469] AppArmor: AppArmor sha1 policy hashing enabled
[    5.711409] ima: No TPM chip found, activating TPM-bypass!
[    5.712399] evm: HMAC attrs: 0x1
[    5.741432]   Magic number: 14:755:587
[    5.748447] rtc_cmos rtc_cmos: setting system clock to 2018-04-02 15:34:40 UTC (1522683280)
[    5.750095] BIOS EDD facility v0.16 2004-Jun-25, 0 devices found
[    5.763105] EDD information not available.
[    5.771523] Freeing unused kernel memory: 1508K
[    5.796338] Write protecting the kernel read-only data: 14336k
[    5.797669] Freeing unused kernel memory: 1700K
[    5.806191] Freeing unused kernel memory: 104K
Loading, please [    5.818433] random: systemd-udevd: uninitialized urandom read (16 bytes read, 2 bits of entropy available)
wait...
starting version 229
[    5.819047] random: udevadm: uninitialized urandom read (16 bytes read, 2 bits of entropy available)
[    5.819073] random: udevadm: uninitialized urandom read (16 bytes read, 2 bits of entropy available)
[    5.830653] random: udevadm: uninitialized urandom read (16 bytes read, 2 bits of entropy available)
[    5.830711] random: udevadm: uninitialized urandom read (16 bytes read, 2 bits of entropy available)
[    5.830874] random: udevadm: uninitialized urandom read (16 bytes read, 2 bits of entropy available)
[    5.830936] random: udevadm: uninitialized urandom read (16 bytes read, 2 bits of entropy available)
[    5.830999] random: udevadm: uninitialized urandom read (16 bytes read, 2 bits of entropy available)
[    5.831060] random: udevadm: uninitialized urandom read (16 bytes read, 2 bits of entropy available)
[    5.831120] random: udevadm: uninitialized urandom read (16 bytes read, 2 bits of entropy available)
[    5.849661] tsc: Refined TSC clocksource calibration: 3500.763 MHz
[    5.851062] clocksource: tsc: mask: 0xffffffffffffffff max_cycles: 0x32762136a15, max_idle_ns: 440795213298 ns
[    5.889085] e1000: Intel(R) PRO/1000 Network Driver - version 7.3.21-k8-NAPI
[    5.899341] e1000: Copyright (c) 1999-2006 Intel Corporation.
[    5.902269] Fusion MPT base driver 3.04.20
[    5.908906] Copyright (c) 1999-2008 LSI Corporation
[    5.915831] Fusion MPT SPI Host driver 3.04.20
[    6.120753] input: ImExPS/2 Generic Explorer Mouse as /devices/platform/i8042/serio1/input/input4
[    6.263823] e1000 0000:00:03.0 eth0: (PCI:33MHz:32-bit) 02:b2:c2:84:5d:d0
[    6.321204] e1000 0000:00:03.0 eth0: Intel(R) PRO/1000 Network Connection
[    6.405367] e1000 0000:00:03.0 enp0s3: renamed from eth0
[    6.406687] mptbase: ioc0: Initiating bringup
[    6.472502] ioc0: LSI53C1030 A0: Capabilities={Initiator}
[    6.634646] scsi host2: ioc0: LSI53C1030 A0, FwRev=00000000h, Ports=1, MaxQ=256, IRQ=20
[    6.808722] scsi 2:0:0:0: Direct-Access     VBOX     HARDDISK         1.0  PQ: 0 ANSI: 5
[    6.881699] scsi target2:0:0: Beginning Domain Validation
[    6.941561] scsi target2:0:0: Domain Validation skipping write tests
[    6.942594] scsi target2:0:0: Ending Domain Validation
[    6.951993] scsi target2:0:0: asynchronous
[    7.018220] scsi 2:0:1:0: Direct-Access     VBOX     HARDDISK         1.0  PQ: 0 ANSI: 5
[    7.042164] scsi target2:0:1: Beginning Domain Validation
[    7.043744] scsi target2:0:1: Domain Validation skipping write tests
[    7.044774] scsi target2:0:1: Ending Domain Validation
[    7.517238] scsi target2:0:1: asynchronous
[    7.526344] sd 2:0:0:0: [sda] 20971520 512-byte logical blocks: (10.7 GB/10.0 GiB)
[    7.526525] sd 2:0:0:0: Attached scsi generic sg0 type 0
[    7.526675] sd 2:0:1:0: Attached scsi generic sg1 type 0
[    7.528142] sd 2:0:1:0: [sdb] 20480 512-byte logical blocks: (10.5 MB/10.0 MiB)
[    7.528324] sd 2:0:1:0: [sdb] Write Protect is off
[    7.528414] sd 2:0:1:0: [sdb] Incomplete mode parameter data
[    7.528415] sd 2:0:1:0: [sdb] Assuming drive cache: write through
[    7.548761] sd 2:0:1:0: [sdb] Attached SCSI disk
[    7.588916] sd 2:0:0:0: [sda] Write Protect is off
[    7.589910] sd 2:0:0:0: [sda] Incomplete mode parameter data
[    7.595272] sd 2:0:0:0: [sda] Assuming drive cache: write through
[    7.625366]  sda: sda1
[    7.670803] sd 2:0:0:0: [sda] Attached SCSI disk
[    8.916854] floppy0: no floppy controllers found
Begin: Loading essential drivers ... [   10.332053] md: linear personality registered for level -1
[   10.341469] md: multipath personality registered for level -4
[   10.352648] md: raid0 personality registered for level 0
[   10.418717] md: raid1 personality registered for level 1
[   10.503781] raid6: sse2x1   gen()  9182 MB/s
[   10.579792] raid6: sse2x1   xor()  7324 MB/s
[   10.652313] raid6: sse2x2   gen() 11737 MB/s
[   10.756297] raid6: sse2x2   xor()  7864 MB/s
[   10.828317] raid6: sse2x4   gen() 12631 MB/s
[   10.899835] raid6: sse2x4   xor()  9822 MB/s
[   10.936166] raid6: using algorithm sse2x4 gen() 12631 MB/s
[   10.937131] raid6: .... xor() 9822 MB/s, rmw enabled
[   10.937992] raid6: using ssse3x2 recovery algorithm
[   10.940466] xor: automatically using best checksumming function:
[   11.019834]    avx       : 19622.000 MB/sec
[   11.027300] async_tx: api initialized (async)
[   11.075017] md: raid6 personality registered for level 6
[   11.110031] md: raid5 personality registered for level 5
[   11.137558] md: raid4 personality registered for level 4
[   11.177140] md: raid10 personality registered for level 10
done.
Begin: Running /[   11.213574] Btrfs loaded
scripts/init-premount ... done.
Begin: Mounting root file system ... Begin: Running /scripts/local-top ... done.
Begin: Running /scripts/local-premount ... Scanning for Btrfs filesystems
done.
Warning: fsck not present, so sk[   11.267114] EXT4-fs (sda1): mounted filesystem with ordered data mode. Opts: (null)
ipping root file system
done.
Begin: Running /scripts/local-bottom ... done.
Begin: Running /scripts/init-bottom ... done.
[   11.867299] systemd[1]: systemd 229 running in system mode. (+PAM +AUDIT +SELINUX +IMA +APPARMOR +SMACK +SYSVINIT +UTMP +LIBCRYPTSETUP +GCRYPT +GNUTLS +ACL +XZ -LZ4 +SECCOMP +BLKID +ELFUTILS +KMOD -IDN)
[   11.878741] systemd[1]: Detected virtualization oracle.
[   11.879654] systemd[1]: Detected architecture x86-64.

Welcome to [1mUbuntu 16.04.4 LTS[0m!

[   11.971295] systemd[1]: Set hostname to <ubuntu-xenial>.
[   12.513481] random: nonblocking pool is initialized
[   12.874133] systemd[1]: Listening on /dev/initctl Compatibility Named Pipe.
[[0;32m  OK  [0m] Listening on /dev/initctl Compatibility Named Pipe.
[   12.897415] systemd[1]: Set up automount Arbitrary Executable File Formats File System Automount Point.
[[0;32m  OK  [0m] Set up automount Arbitrary Executab...ats File System Automount Point.
[   12.931378] systemd[1]: Listening on Journal Socket.
[[0;32m  OK  [0m] Listening on Journal Socket.
[   12.934632] systemd[1]: Listening on Journal Audit Socket.
[[0;32m  OK  [0m] Listening on Journal Audit Socket.
[   12.940825] systemd[1]: Listening on Device-mapper event daemon FIFOs.
[[0;32m  OK  [0m] Listening on Device-mapper event daemon FIFOs.
[   12.993228] systemd[1]: Created slice User and Session Slice.
[[0;32m  OK  [0m] Created slice User and Session Slice.
[   13.085205] systemd[1]: Started Trigger resolvconf update for networkd DNS.
[[0;32m  OK  [0m] Started Trigger resolvconf update for networkd DNS.
[   13.176554] systemd[1]: Listening on LVM2 metadata daemon socket.
[[0;32m  OK  [0m] Listening on LVM2 metadata daemon socket.
[   13.284572] systemd[1]: Listening on Journal Socket (/dev/log).
[[0;32m  OK  [0m] Listening on Journal Socket (/dev/log).
[   13.380558] systemd[1]: Listening on LVM2 poll daemon socket.
[[0;32m  OK  [0m] Listening on LVM2 poll daemon socket.
[   13.520535] systemd[1]: Reached target User and Group Name Lookups.
[[0;32m  OK  [0m] Reached target User and Group Name Lookups.
[   13.656771] systemd[1]: Listening on udev Kernel Socket.
[[0;32m  OK  [0m] Listening on udev Kernel Socket.
[   13.724596] systemd[1]: Started Forward Password Requests to Wall Directory Watch.
[[0;32m  OK  [0m] Started Forward Password Requests to Wall Directory Watch.
[   13.845190] systemd[1]: Created slice System Slice.
[[0;32m  OK  [0m] Created slice System Slice.
[   13.952393] systemd[1]: Mounting Debug File System...
         Mounting Debug File System...
[   13.978410] systemd[1]: Starting Nameserver information manager...
         Starting Nameserver information manager...
[   13.998868] systemd[1]: Starting Load Kernel Modules...
         Starting Load Kernel Modules...
[   14.003527] systemd[1]: Starting Monitoring of LVM2 mirrors, snapshots etc. using dmeventd or progress polling...
         Starting Monitoring of LVM2 mirrors... dmeventd or progress polling...
[   14.025438] systemd[1]: Starting Create list of required static device nodes for the current kernel...
         Starting Create list of required st... nodes for the current kernel...
[   14.087570] Loading iSCSI transport class v2.0-870.
[   14.116350] systemd[1]: Mounting Huge Pages File System...
         Mountin[   14.125740] iscsi: registered transport (tcp)
g Huge Pages File System...
[   14.162819] systemd[1]: Reached target Slices.
[[0;32m  OK  [0m] Reached target Slices.
[   14.176133] systemd[1]: Created slice system-serial\x2dgetty.slice.
[[0;32m  OK  [0m] Created slice system-serial\x2dgetty.slice.
[   14.268984] iscsi: registered transport (iser)
[   14.323964] systemd[1]: Mounting POSIX Message Queue File System...
         Mounting POSIX Message Queue File System...
[   14.432543] systemd[1]: Starting Uncomplicated firewall...
         Starting Uncomplicated firewall...
[   14.497392] systemd[1]: Created slice system-postgresql.slice.
[[0;32m  OK  [0m] Created slice system-postgresql.slice.
[   14.632039] systemd[1]: Starting Remount Root and Kernel File Systems...
[   14.658334] EXT4-fs (sda1): re-mounted. Opts: (null)
         Starting Remount Root and Kernel File Systems...
[   14.716141] systemd[1]: Reached target Encrypted Volumes.
[[0;32m  OK  [0m] Reached target Encrypted Volumes.
[   14.804757] systemd[1]: Listening on Syslog Socket.
[[0;32m  OK  [0m] Listening on Syslog Socket.
[   14.878992] systemd[1]: Listening on udev Control Socket.
[[0;32m  OK  [0m] Listening on udev Control Socket.
[   14.996121] systemd[1]: Starting Set console keymap...
         Starting Set console keymap...
[   15.040548] systemd[1]: Reached target System Time Synchronized.
[[0;32m  OK  [0m] Reached target System Time Synchronized.
[   15.084527] systemd[1]: Starting Journal Service...
         Starting Journal Service...
[   15.128456] systemd[1]: Mounted Debug File System.
[[0;32m  OK  [0m] Mounted Debug File System.
[   15.137425] systemd[1]: Mounted POSIX Message Queue File System.
[[0;32m  OK  [0m] Mounted POSIX Message Queue File System.
[   15.160305] systemd[1]: Mounted Huge Pages File System.
[[0;32m  OK  [0m] Mounted Huge Pages File System.
[   15.200660] systemd[1]: Started Load Kernel Modules.
[[0;32m  OK  [0m] Started Load Kernel Modules.
[   15.224654] systemd[1]: Started Create list of required static device nodes for the current kernel.
[[0;32m  OK  [0m] Started Create list of required sta...ce nodes for the current kernel.
[   15.4827 sstemd[1: tarted Ucolite frewall.
[[0;32m  OK  [0m] Started Uncomplicated firewall.
[   15.885059] systemd[1]: Started Remount Root and Kernel File Systems.
[[0;32m  OK  [0m] Started Remount Root and Kernel File Systems.
[   15.888321] systemd[1]: Started Set console keymap.
[[0;32m  OK  [0m] Started Set console keymap.
[   15.900735] systemd[1]: Started Nameserver information manager.
[[0;32m  OK  [0m] Started Nameserver information manager.
[   16.03255]ysmd1]: Started Journal Service.
[[0;32m  OK  [0m] Started Journal Service.
[[0;32m  OK  [0m] Started LVM2 metadata daemon.
         Starting Flush Journal to Persistent Storage...
         Starting Load/Save Random Seed...
         Activating swap /swapfile...
[   16.634270] Adding 1048572k swap on /swapfile.  Priority:-1 extents:3 across:1286140k FS
         Starting udev Coldplug all Devices...
         Starting Initial cloud-init job (pre-networking)...
         Starting Create Static Device Nodes in /dev...
         Mounting FUSE Control File System...
         Starting Apply Kernel Variables...
[[0;32m  OK  [0m] Activated swap /swapfile.
[[0;32m  OK  [0m] Mounted FUSE Control File System.
[[0;32m  OK  [0m] Started Load/Save Random Seed.
[[0;32m  OK  [0m] Started Monitoring of LVM2 mirrors,...ng dmeventd or progress polling.
[[0;32m  OK  [0m] Started udev Coldplug all Devices.
[   17.190955] systemd-journald[394]: Received request to flush runtime journal from PID 1
[[0;32m  OK  [0m] Reached target Swap.
[[0;32m  OK  [0m] Started Apply Kernel Variables.
[[0;32m  OK  [0m] Started Flush Journal to Persistent Storage.
[[0;32m  OK  [0m] Started Create Static Device Nodes in /dev.
         Starting udev Kernel Device Manager...
[[0;32m  OK  [0m] Started udev Kernel Device Manager.
[[0;32m  OK  [0m] Reached target Local File Systems (Pre).
[[0;32m  OK  [0m] Reached target Local File Systems.
         Starting Create Volatile Files and Directories...
         Starting Tell Plymouth To Write Out Runtime Data...
         Starting LSB: AppArmor initialization...
         Starting Set console font and keymap...
[[0;32m  OK  [0m] Started Dispatch Password Requests to Console Directory Watch.
[[0;32m  OK  [0m] Started Tell Plymouth To Write Out Runtime Data.
[[0;32m  OK  [0m] Found device /dev/ttyS0.
[[0;32m  OK  [0m] Started Create Volatile Files and Directories.
         Starting Update UTMP about System Boot/Shutdown...
[[0;32m  OK  [0m] Started Set console font and keymap.
[[0;32m  OK  [0m] Created slice system-getty.slice.
[[0;32m  OK  [0m] Found device 82540EM Gigabit Ethern...r (PRO/1000 MT Desktop Adapter).
[[0;32m  OK  [0m] Started Update UTMP about System Boot/Shutdown.
[[0;32m  OK  [0m] Listening on Load/Save RF Kill Switch Status /dev/rfkill Watch.
[[0;32m  OK  [0m] Started LSB: AppArmor initialization.
[   19.026085] cloud-init[439]: Cloud-init v. 17.2 running 'init-local' at Mon, 02 Apr 2018 15:34:55 +0000. Up 18.40 seconds.
[[0;32m  OK  [0m] Started Initial cloud-init job (pre-networking).
[[0;32m  OK  [0m] Reached target Network (Pre).
         Starting Raise network interfaces...
[[0;32m  OK  [0m] Started ifup for enp0s3.
[[0;32m  OK  [0m] Started Raise network interfaces.
[[0;32m  OK  [0m] Reached target Network.
         Starting Initial cloud-init job (metadata service crawler)...
[   20.451948] cloud-init[962]: Cloud-init v. 17.2 running 'init' at Mon, 02 Apr 2018 15:34:56 +0000. Up 19.72 seconds.
[[0;32m  OK  [0m] Started Initial cloud-init job (metadata service crawler).
[   20.538692] cloud-init[962]: ci-info: +++++++++++++++++++++++++++++++++++++Net device info++++++++++++++++++++++++++++++++++++++
[   20.567012] cloud-init[962]: ci-info: +--------+------+----------------------------+---------------+-------+-------------------+
[   20.568970] cloud-init[962]: ci-info: | Device |  Up  |          Address           |      Mask     | Scope |     Hw-Address    |
[[0;32m  OK  [0m] Reached target System Initialization.
[[0;32m  OK  [0m] Started Daily Cleanup of Temporary Directories.
[   20.574121] cloud-init[962]: ci-info: +--------+------+----------------------------+---------------+-------+-------------------+
[   20.579691] cloud-init[962]: ci-info: | enp0s3 | True |         10.0.2.15          | 255.255.255.0 |   .   | 02:b2:c2:84:5d:d0 |
[   20.581709] cloud-init[962]: ci-info: | enp0s3 | True | fe80::b2:c2ff:fe84:5dd0/64 |       .       |  link | 02:b2:c2:84:5d:d0 |
[   20.583651] cloud-init[962]: ci-info: |   lo   | True |         127.0.0.1          |   255.0.0.0   |   .   |         .         |
[[   20.628223] cloud-init[962]: ci-info: |   lo   | True |          ::1/128           |       .       |  host |         .         |
[   20.628416] cloud-init[962]: ci-info: +--------+------+----------------------------+---------------+-------+-------------------+
[   20.628728] cloud-init[962]: ci-info: +++++++++++++++++++++++++++Route IPv4 info++++++++++++++++++++++++++++
[   20.628842] cloud-init[962]: ci-info: +-------+-------------+----------+---------------+-----------+-------+
[   20.628952] cloud-init[962]: ci-info: | Route | Destination | Gateway  |    Genmask    | Interface | Flags |
[   20.629062] cloud-init[962]: ci-info: +-------+-------------+----------+---------------+-----------+-------+
[   20.629171] cloud-init[962]: ci-info: |   0   |   0.0.0.0   | 10.0.2.2 |    0.0.0.0    |   enp0s3  |   UG  |
[   20.629312] cloud-init[962]: ci-info: |   1   |   10.0.2.0  | 0.0.0.0  | 255.255.255.0 |   enp0s3  |   U   |
[   20.629423] cloud-init[962]: ci-info: +-------+-------------+----------+---------------+-----------+-------+
[0;32m  OK  [0m] Started Daily apt download activities.
[[0;32m  OK  [0m] Started Daily apt upgrade and clean activities.
         Starting Socket activation for snappy daemon.
         Starting LXD - unix socket.
[[0;32m  OK  [0m] Listening on ACPID Listen Socket.
[[0;32m  OK  [0m] Listening on D-Bus System Message Bus Socket.
[[0;32m  OK  [0m] Listening on UUID daemon activation socket.
[[0;32m  OK  [0m] Started Timer to automatically refresh installed snaps.
[[0;32m  OK  [0m] Started ACPI Events Check.
[[0;32m  OK  [0m] Reached target Paths.
[[0;32m  OK  [0m] Started Clean PHP session files every 30 mins.
[[0;32m  OK  [0m] Reached target Timers.
[[0;32m  OK  [0m] Reached target Cloud-config availability.
[[0;32m  OK  [0m] Reached target Network is Online.
         Starting iSCSI initiator daemon (iscsid)...
[[0;32m  OK  [0m] Listening on Socket activation for snappy daemon.
[[0;32m  OK  [0m] Listening on LXD - unix socket.
[[0;32m  OK  [0m] Reached target Sockets.
[[0;32m  OK  [0m] Reached target Basic System.
         Starting vboxadd.service...
         Starting LXD - container startup/shutdown...
         Starting PostgreSQL Cluster 9.5-main...
[[0;32m  OK  [0m] Started ACPI event daemon.
         Starting Pollinate to seed the pseudo random number generator...
[[0;32m  OK  [0m] Started FUSE filesystem for LXC.
         Starting System Logging Service...
         Starting Login Service...
         Starting Clean php session files...
         Starting Apply the settings specified in cloud-config...
[[0;32m  OK  [0m] Started D-Bus System Message Bus.
[   23.876676] cloud-init[1063]: Cloud-init v. 17.2 running 'modules:config' at Mon, 02 Apr 2018 15:35:00 +0000. Up 23.47 seconds.
         Starting Accounts Service...
         Starting A high performance web server and a reverse proxy server...
[[0;32m  OK  [0m] Started Unattended Upgrades Shutdown.
         Starting /etc/rc.local Compatibility...
[[0;32m  OK  [0m] Started Deferred execution scheduler.
         Starting LSB: Record successful boot for GRUB...
         Starting LSB: MD monitoring daemon...
[[0;32m  OK  [0m] Started Regular background program processing daemon.
         Starting The PHP 7.0 FastCGI Process Manager...
         Starting Snappy daemon...
[[0;32m  OK  [0m] Started System Logging Service.
[[0;32m  OK  [0m] Started iSCSI initiator daemon (iscsid).
[[0;32m  OK  [0m] Started vboxadd.service.
[[0;32m  OK  [0m]]Started Apply the settings specified in cloud-config.
[[0;32m  OK  [0m] Started /etc/rc.local Compatibility.
         Starting vboxadd-service.service...
         Starting Login to default iSCSI targets...
[[0;32m  OK  [0m] Started Login Service.
[[0;32m  OK  [0m] Started LSB: Record successful boot for GRUB.
[[0;32m  OK  [0m] Started LSB: MD monitoring daemon.
[[0;32m  OK  [0m] Started vboxadd-service.service.
[[0;32m  OK  [0m] Started Login to default iSCSI targets.
[[0;32m  OK  [0m] Reached target Remote File Systems (Pre).
[[0;32m  OK  [0m] Reached target Remote File Systems.
         Starting LSB: Start/stop sysstat's sadc...
         Starting Permit User Sessions...
         Starting LSB: Set the CPU Frequency Scaling governor to "ondemand"...
         Starting LSB: VirtualBox Linux Additions...
         Starting LSB: Start and stop the mysql database server daemon...
         Starting LSB: daemon to balance interrupts for SMP systems...
         Starting LSB: automatic crash report generation...
[[0;32m  OK  [0m] Started LSB: Set the CPU Frequency Scaling governor to "ondemand".
[[0;32m  OK  [0m] Started LSB: Start/stop sysstat's sadc.
[[0;32m  OK  [0m] Started Permit User Sessions.
[[0;32m  OK  [0m] Started LSB: automatic crash report generation.
         Starting Hold until boot process finishes up...
         Starting Terminate Plymouth Boot Screen...
[[0;32m  OK  [0m] Started Hold until boot process finishes up.
[[0;32m  OK  [0m] Started Terminate Plymouth Boot Screen.
[[0;32m  OK  [0m] Started Serial Getty on ttyS0.
[[0;32m  OK  [0m] Started Getty on tty1.
[[0;32m  OK  [0m] Reached target Login Prompts.
         Starting Set console scheme...
[[0;32m  OK  [0m] Started LSB: daemon to balance interrupts for SMP systems.
[[0;32m  OK  [0m] Started Set console scheme.
         Starting Authenticate and Authorize Users to Run Privileged Tasks...
[[0;32m  OK  [0m] Started LXD - container startup/shutdown.
[[0;32m  OK  [0m] Started LSB: VirtualBox Linux Additions.
[[0;32m  OK  [0m] Started Authenticate and Authorize Users to Run Privileged Tasks.
[[0;32m  OK  [0m] Started Accounts Service.
[[0;32m  OK  [0m] Started A high performance web server and a reverse proxy server.
[[0;32m  OK  [0m] Started Snappy daemon.
[[0;32m  OK  [0m] Started The PHP 7.0 FastCGI Process Manager.
[[0;32m  OK  [0m] Started Clean php session files.
[[0;32m  OK  [0m] Started PostgreSQL Cluster 9.5-main.
         Starting PostgreSQL RDBMS...
[[0;32m  OK  [0m] Started PostgreSQL RDBMS.
[[0;32m  OK  [0m] Started LSB: Start and stop the mysql database server daemon.

Ubuntu 16.04.4 LTS ubuntu-xenial ttyS0

ubuntu-xenial login: [   35.225089] cloud-init[1699]: Cloud-init v. 17.2 running 'modules:final' at Mon, 02 Apr 2018 15:35:12 +0000. Up 35.07 seconds.
[   35.225362] cloud-init[1699]: Cloud-init v. 17.2 finished at Mon, 02 Apr 2018 15:35:12 +0000. Datasource DataSourceNoCloud [seed=/dev/sdb][dsmode=net].  Up 35.21 seconds
